*ERROR* 	2016/10/27 - 10:06:29: Unknown column 'a.id_shipit_table' in 'order clause'<br /><br /><pre>SELECT SQL_CALC_FOUND_ROWS
								 a.*
			
			FROM `ps_shipit_table` a 
			
			
			 WHERE 1  
			
			 ORDER BY a.`id_shipit_table` ASC  LIMIT 0, 50</pre> at line 791 in file classes/db/Db.php
*ERROR* 	2016/10/27 - 10:16:53: Unknown column 'a.id_shipit_table' in 'order clause'<br /><br /><pre>SELECT SQL_CALC_FOUND_ROWS
								 a.*
			
			FROM `ps_shipit_table` a 
			
			
			 WHERE 1  
			
			 ORDER BY a.`id_shipit_table` ASC  LIMIT 0, 50</pre> at line 791 in file classes/db/Db.php
*ERROR* 	2016/10/27 - 10:22:05: Unknown column 'a.id_shipit_table' in 'order clause'<br /><br /><pre>SELECT SQL_CALC_FOUND_ROWS
								 a.*
			
			FROM `ps_shipit_table` a 
			
			
			 WHERE 1  
			
			 ORDER BY a.`id_shipit_table` ASC  LIMIT 0, 50</pre> at line 791 in file classes/db/Db.php
*ERROR* 	2016/10/27 - 10:22:06: Unknown column 'a.id_shipit_table' in 'order clause'<br /><br /><pre>SELECT SQL_CALC_FOUND_ROWS
								 a.*
			
			FROM `ps_shipit_table` a 
			
			
			 WHERE 1  
			
			 ORDER BY a.`id_shipit_table` ASC  LIMIT 0, 50</pre> at line 791 in file classes/db/Db.php
*ERROR* 	2016/10/27 - 10:22:07: Unknown column 'a.id_shipit_table' in 'order clause'<br /><br /><pre>SELECT SQL_CALC_FOUND_ROWS
								 a.*
			
			FROM `ps_shipit_table` a 
			
			
			 WHERE 1  
			
			 ORDER BY a.`id_shipit_table` ASC  LIMIT 0, 50</pre> at line 791 in file classes/db/Db.php
*ERROR* 	2016/10/27 - 10:22:07: Unknown column 'a.id_shipit_table' in 'order clause'<br /><br /><pre>SELECT SQL_CALC_FOUND_ROWS
								 a.*
			
			FROM `ps_shipit_table` a 
			
			
			 WHERE 1  
			
			 ORDER BY a.`id_shipit_table` ASC  LIMIT 0, 50</pre> at line 791 in file classes/db/Db.php
*ERROR* 	2016/10/27 - 10:22:07: Unknown column 'a.id_shipit_table' in 'order clause'<br /><br /><pre>SELECT SQL_CALC_FOUND_ROWS
								 a.*
			
			FROM `ps_shipit_table` a 
			
			
			 WHERE 1  
			
			 ORDER BY a.`id_shipit_table` ASC  LIMIT 0, 50</pre> at line 791 in file classes/db/Db.php
*ERROR* 	2016/10/27 - 10:29:50: Unknown column 'a.id_shipit_table' in 'order clause'<br /><br /><pre>SELECT SQL_CALC_FOUND_ROWS
								 a.*
			
			FROM `ps_shipit_table` a 
			
			
			 WHERE 1  
			
			 ORDER BY a.`id_shipit_table` ASC  LIMIT 0, 50</pre> at line 791 in file classes/db/Db.php
*ERROR* 	2016/10/27 - 11:15:19: Unknown column 'a.id_shipit_table' in 'order clause'<br /><br /><pre>SELECT SQL_CALC_FOUND_ROWS
								 a.*
			
			FROM `ps_shipit_table` a 
			
			
			 WHERE 1  
			
			 ORDER BY a.`id_shipit_table` ASC  LIMIT 0, 50</pre> at line 791 in file classes/db/Db.php
*ERROR* 	2016/10/27 - 14:45:20: Method of module cannot be found at line 856 in file controllers/admin/AdminModulesController.php
*ERROR* 	2016/10/27 - 14:58:08: Method of module cannot be found at line 856 in file controllers/admin/AdminModulesController.php
*ERROR* 	2016/10/27 - 15:18:43: Property Carrier->name is empty at line 909 in file classes/ObjectModel.php
